<?xml version="1.0" encoding="UTF-8"?>
<beans xmlns="http://www.springframework.org/schema/beans"
	xmlns:xsi="http://www.w3.org/2001/XMLSchema-instance" xmlns:context="http://www.springframework.org/schema/context"
	xmlns:mvc="http://www.springframework.org/schema/mvc" xmlns:jpa="http://www.springframework.org/schema/data/jpa"
	xsi:schemaLocation="http://www.springframework.org/schema/beans http://www.springframework.org/schema/beans/spring-beans-3.0.xsd http://www.springframework.org/schema/context http://www.springframework.org/schema/context/spring-context-3.0.xsd http://www.springframework.org/schema/mvc  http://www.springframework.org/schema/mvc/spring-mvc-3.0.xsd http://www.springframework.org/schema/data/jpa http://www.springframework.org/schema/data/jpa/spring-jpa-1.0.xsd">

	<!-- Configures the location of static resources such as css files. Requires 
		Spring Framework 3.0 or higher. -->
	<!-- <mvc:resources mapping="/static/**" location="/static/" /> -->

	<!-- Ensures that dispatcher servlet can be mapped to '/' and static resources 
		are still served by the containers default servlet. Requires Spring Framework 
		3.0 or higher. -->
	<!-- mvc:default-servlet-handler /> -->
 
	<!-- Configures Spring Data JPA and sets the base package of DAOs. -->
	<jpa:repositories base-package="se.jmkit.rest.service.spring.datajpa.repository" />
	<!-- context:component-scan base-package="se.jmkit.rest.service.spring.datajpa.controller"/> -->
</beans>
